<?xml version="1.0" encoding="UTF-8"?>
<coverage generated="1770742571498" clover="3.2.0">
  <project timestamp="1770742571498" name="All files">
    <metrics statements="25" coveredstatements="25" conditionals="14" coveredconditionals="14" methods="4" coveredmethods="4" elements="43" coveredelements="43" complexity="0" loc="25" ncloc="25" packages="1" files="1" classes="1"/>
    <file name="temperature.js" path="/Users/jeffersonyepez/PruebasSoftware/examenParcial3/src/utils/temperature.js">
      <metrics statements="25" coveredstatements="25" conditionals="14" coveredconditionals="14" methods="4" coveredmethods="4"/>
      <line num="1" count="1" type="stmt"/>
      <line num="3" count="2" type="cond" truecount="2" falsecount="0"/>
      <line num="4" count="1" type="stmt"/>
      <line num="7" count="1" type="stmt"/>
      <line num="8" count="1" type="stmt"/>
      <line num="12" count="1" type="stmt"/>
      <line num="13" count="4" type="cond" truecount="2" falsecount="0"/>
      <line num="14" count="1" type="stmt"/>
      <line num="17" count="3" type="stmt"/>
      <line num="18" count="3" type="stmt"/>
      <line num="22" count="6" type="cond" truecount="2" falsecount="0"/>
      <line num="23" count="1" type="stmt"/>
      <line num="26" count="5" type="cond" truecount="2" falsecount="0"/>
      <line num="27" count="1" type="stmt"/>
      <line num="30" count="4" type="cond" truecount="4" falsecount="0"/>
      <line num="31" count="1" type="stmt"/>
      <line num="34" count="3" type="cond" truecount="2" falsecount="0"/>
      <line num="35" count="1" type="stmt"/>
      <line num="38" count="2" type="stmt"/>
      <line num="40" count="2" type="stmt"/>
      <line num="41" count="4" type="stmt"/>
      <line num="42" count="9" type="stmt"/>
      <line num="43" count="4" type="stmt"/>
      <line num="46" count="2" type="stmt"/>
      <line num="49" count="1" type="stmt"/>
    </file>
  </project>
</coverage>
