TN:
SF:src/utils/temperature.js
FN:1,(anonymous_0)
FN:12,(anonymous_1)
FN:21,movingAverage
FN:42,(anonymous_3)
FNF:4
FNH:4
FNDA:2,(anonymous_0)
FNDA:4,(anonymous_1)
FNDA:6,movingAverage
FNDA:9,(anonymous_3)
DA:1,1
DA:3,2
DA:4,1
DA:7,1
DA:8,1
DA:12,1
DA:13,4
DA:14,1
DA:17,3
DA:18,3
DA:22,6
DA:23,1
DA:26,5
DA:27,1
DA:30,4
DA:31,1
DA:34,3
DA:35,1
DA:38,2
DA:40,2
DA:41,4
DA:42,9
DA:43,4
DA:46,2
DA:49,1
LF:25
LH:25
BRDA:3,0,0,1
BRDA:3,0,1,1
BRDA:13,1,0,1
BRDA:13,1,1,3
BRDA:22,2,0,1
BRDA:22,2,1,5
BRDA:26,3,0,1
BRDA:26,3,1,4
BRDA:30,4,0,1
BRDA:30,4,1,3
BRDA:30,5,0,4
BRDA:30,5,1,3
BRDA:34,6,0,1
BRDA:34,6,1,2
BRF:14
BRH:14
end_of_record
